<?xml version="1.0" encoding="UTF-8"?>
<!-- Generated by org.testng.reporters.JUnitReportReporter -->
<testsuite hostname="LAPTOP-HK8QK20C" failures="0" tests="1" name="com.dummy.demo.PlayersRankingOfWomensTeamInICC" time="43.994" errors="0" timestamp="2022-10-17T16:47:19 IST" skipped="0">
  <testcase classname="com.dummy.demo.PlayersRankingOfWomensTeamInICC" name="findPlayersTeamOfWomens" time="43.994"/>
  <system-out/>
</testsuite> <!-- com.dummy.demo.PlayersRankingOfWomensTeamInICC -->
