<?xml version="1.0" encoding="UTF-8"?>
<!-- Generated by org.testng.reporters.JUnitReportReporter -->
<testsuite hostname="LAPTOP-HK8QK20C" failures="0" tests="1" name="com.dummy.demo.MakeMyTripFromField" time="40.556" errors="0" timestamp="2022-10-17T16:42:31 IST" skipped="0">
  <testcase classname="com.dummy.demo.MakeMyTripFromField" name="formFieldMakeMyTrip" time="40.556"/>
  <system-out/>
</testsuite> <!-- com.dummy.demo.MakeMyTripFromField -->
