<?xml version="1.0" encoding="UTF-8"?>
<!-- Generated by org.testng.reporters.JUnitReportReporter -->
<testsuite hostname="LAPTOP-HK8QK20C" failures="0" tests="1" name="com.dummy.demo.RankingDDxpathForICC" time="75.470" errors="0" timestamp="2022-10-17T15:14:30 IST" skipped="0">
  <testcase classname="com.dummy.demo.RankingDDxpathForICC" name="findXpathForWomensRankingDdBtnTest" time="75.470"/>
  <system-out/>
</testsuite> <!-- com.dummy.demo.RankingDDxpathForICC -->
