<?xml version="1.0" encoding="UTF-8"?>
<!-- Generated by org.testng.reporters.JUnitReportReporter -->
<testsuite hostname="LAPTOP-HK8QK20C" failures="0" tests="1" name="com.dummy.demo.SelectSongFromYouTube" time="9.857" errors="0" timestamp="2022-10-17T13:17:00 IST" skipped="0">
  <testcase classname="com.dummy.demo.SelectSongFromYouTube" name="selectAndPlaySongTest" time="9.857"/>
  <system-out/>
</testsuite> <!-- com.dummy.demo.SelectSongFromYouTube -->
