<?xml version="1.0" encoding="UTF-8"?>
<!-- Generated by org.testng.reporters.JUnitReportReporter -->
<testsuite hostname="LAPTOP-HK8QK20C" failures="0" tests="1" name="com.dummy.demo.SelectTeamInICCWebsite" time="35.727" errors="0" timestamp="2022-10-17T15:45:45 IST" skipped="0">
  <testcase classname="com.dummy.demo.SelectTeamInICCWebsite" name="findTeamXpathTest" time="35.727"/>
  <system-out/>
</testsuite> <!-- com.dummy.demo.SelectTeamInICCWebsite -->
